<?xml version="1.0" encoding="UTF-8"?>
<!-- Generated by org.testng.reporters.JUnitXMLReporter -->
<testsuite ignored="0" hostname="Ranjeet-MacBook-Pro.local" failures="0" tests="8" name="Test" time="253.133" errors="0" timestamp="2022-12-25T09:52:51 IST">
  <testcase classname="Com.Banking.TestCases.TC_New_Account_Creation" name="AddNewAccount" time="12.379"/>
  <testcase classname="Com.Banking.TestCases.TC_LoginDataTesCase" name="LoginData" time="13.707"/>
  <testcase classname="Com.Banking.TestCases.TC_LoginDataTesCase" name="LoginData" time="8.826"/>
  <testcase classname="Com.Banking.TestCases.TC_LoginDataTesCase" name="LoginData" time="9.646"/>
  <testcase classname="Com.Banking.TestCases.TC_LoginDataTesCase" name="LoginData" time="10.65"/>
  <testcase classname="Com.Banking.TestCases.TC_LoginDataTesCase" name="LoginData" time="10.418"/>
  <testcase classname="Com.Banking.TestCases.TC_Add_NewCustomer" name="AddnewCutomaer" time="14.501"/>
  <testcase classname="Com.Banking.TestCases.TC_LoginTestCase" name="LoginTest" time="6.242"/>
</testsuite> <!-- Test -->
